\BOOKMARK [1][-]{section.1}{\376\377\145\271\150\110\213\276\213\241\116\016\213\272\213\301}{}% 1
\BOOKMARK [2][-]{subsection.1.1}{\376\377\174\373\176\337\145\164\117\123\145\271\150\110}{section.1}% 2
\BOOKMARK [2][-]{subsection.1.2}{\376\377\150\070\137\303\126\150\116\366\220\011\127\213\116\016\213\272\213\301}{section.1}% 3
\BOOKMARK [3][-]{subsubsection.1.2.1}{\376\377\116\073\143\247\122\066\126\150\220\011\142\351}{subsection.1.2}% 4
\BOOKMARK [3][-]{subsubsection.1.2.2}{\376\377\215\357\137\204\150\300\155\113\145\271\150\110\213\272\213\301}{subsection.1.2}% 5
\BOOKMARK [3][-]{subsubsection.1.2.3}{\376\377\131\377\140\001\150\300\155\113\145\271\150\110}{subsection.1.2}% 6
\BOOKMARK [1][-]{section.2}{\376\377\174\373\176\337\164\006\213\272\122\006\147\220}{}% 7
\BOOKMARK [2][-]{subsection.2.1}{\376\377\217\320\122\250\133\146\152\041\127\213\136\372\172\313}{section.2}% 8
\BOOKMARK [2][-]{subsection.2.2}{\376\377\143\247\122\066\174\373\176\337\213\276\213\241}{section.2}% 9
\BOOKMARK [3][-]{subsubsection.2.2.1}{\376\377\122\006\134\102\143\247\122\066\147\266\147\204}{subsection.2.2}% 10
\BOOKMARK [3][-]{subsubsection.2.2.2}{\376\377\121\163\225\056\173\227\154\325\133\236\163\260}{subsection.2.2}% 11
\BOOKMARK [2][-]{subsection.2.3}{\376\377\174\373\176\337\123\302\145\160\213\276\213\241}{section.2}% 12
\BOOKMARK [1][-]{section.3}{\376\377\170\154\116\366\165\065\215\357\213\276\213\241}{}% 13
\BOOKMARK [2][-]{subsection.3.1}{\376\377\174\373\176\337\170\154\116\366\147\266\147\204}{section.3}% 14
\BOOKMARK [2][-]{subsection.3.2}{\376\377\116\073\143\247\165\065\215\357\213\276\213\241}{section.3}% 15
\BOOKMARK [2][-]{subsection.3.3}{\376\377\143\245\123\343\165\065\215\357\213\276\213\241}{section.3}% 16
\BOOKMARK [1][-]{section.4}{\376\377\217\157\116\366\174\373\176\337\213\276\213\241}{}% 17
\BOOKMARK [2][-]{subsection.4.1}{\376\377\217\157\116\366\147\266\147\204\213\276\213\241}{section.4}% 18
\BOOKMARK [2][-]{subsection.4.2}{\376\377\150\070\137\303\173\227\154\325\133\236\163\260}{section.4}% 19
\BOOKMARK [3][-]{subsubsection.4.2.1}{\376\377\000P\000I\000D\143\247\122\066\126\150\133\236\163\260}{subsection.4.2}% 20
\BOOKMARK [3][-]{subsubsection.4.2.2}{\376\377\162\266\140\001\147\072\213\276\213\241}{subsection.4.2}% 21
\BOOKMARK [3][-]{subsubsection.4.2.3}{\376\377\116\373\122\241\215\357\137\204\211\304\122\022}{subsection.4.2}% 22
\BOOKMARK [1][-]{section.5}{\376\377\174\373\176\337\155\113\213\325\116\016\214\003\213\325}{}% 23
\BOOKMARK [2][-]{subsection.5.1}{\376\377\214\003\213\325\217\307\172\013\116\016\225\356\230\230\211\343\121\263}{section.5}% 24
\BOOKMARK [3][-]{subsubsection.5.1.1}{\376\377\117\040\141\037\126\150\150\007\133\232\225\356\230\230}{subsection.5.1}% 25
\BOOKMARK [3][-]{subsubsection.5.1.2}{\376\377\000P\000I\000D\123\302\145\160\145\164\133\232}{subsection.5.1}% 26
\BOOKMARK [2][-]{subsection.5.2}{\376\377\140\047\200\375\155\113\213\325\176\323\147\234}{section.5}% 27
\BOOKMARK [3][-]{subsubsection.5.2.1}{\376\377\127\372\147\054\122\237\200\375\155\113\213\325}{subsection.5.2}% 28
\BOOKMARK [3][-]{subsubsection.5.2.2}{\376\377\172\063\133\232\140\047\155\113\213\325}{subsection.5.2}% 29
\BOOKMARK [1][-]{section.6}{\376\377\122\033\145\260\160\271\116\016\162\171\202\162}{}% 30
\BOOKMARK [2][-]{subsection.6.1}{\376\377\142\200\147\057\122\033\145\260}{section.6}% 31
\BOOKMARK [2][-]{subsection.6.2}{\376\377\135\345\172\013\162\171\202\162}{section.6}% 32
\BOOKMARK [1][-]{section.7}{\376\377\140\073\176\323\116\016\134\125\147\033}{}% 33
\BOOKMARK [2][-]{subsection.7.1}{\376\377\230\171\166\356\142\020\147\234\140\073\176\323}{section.7}% 34
\BOOKMARK [2][-]{subsection.7.2}{\376\377\142\200\147\057\145\066\203\267}{section.7}% 35
\BOOKMARK [2][-]{subsection.7.3}{\376\377\145\071\217\333\145\271\124\021}{section.7}% 36
\BOOKMARK [1][-]{appendix.A}{\376\377\226\104\137\125\000A\377\032\116\073\211\201\121\103\126\150\116\366\156\005\123\125}{}% 37
\BOOKMARK [1][-]{appendix.B}{\376\377\226\104\137\125\000B\377\032\121\163\225\056\173\227\154\325\143\317\217\360}{}% 38
\BOOKMARK [2][-]{subsection.B.1}{\376\377\000P\000I\000D\143\247\122\066\126\150\173\227\154\325}{appendix.B}% 39
\BOOKMARK [2][-]{subsection.B.2}{\376\377\131\032\117\040\141\037\126\150\145\160\143\156\207\215\124\010}{appendix.B}% 40
\BOOKMARK [2][-]{subsection.B.3}{\376\377\162\266\140\001\147\072\143\247\122\066\155\101\172\013}{appendix.B}% 41
