\BOOKMARK [1][-]{section.1}{\376\377\174\373\176\337\145\271\150\110\213\276\213\241}{}% 1
\BOOKMARK [2][-]{subsection.1.1}{\376\377\174\373\176\337\145\271\150\110\143\317\217\360}{section.1}% 2
\BOOKMARK [2][-]{subsection.1.2}{\376\377\145\271\150\110\213\272\213\301\116\016\220\011\142\351}{section.1}% 3
\BOOKMARK [3][-]{subsubsection.1.2.1}{\376\377\116\073\143\247\122\066\126\150\116\366\166\204\213\272\213\301\116\016\220\011\142\351}{subsection.1.2}% 4
\BOOKMARK [3][-]{subsubsection.1.2.2}{\376\377\215\357\137\204\150\300\155\113\145\271\150\110\166\204\213\272\213\301\116\016\220\011\142\351}{subsection.1.2}% 5
\BOOKMARK [3][-]{subsubsection.1.2.3}{\376\377\136\225\166\330\232\161\122\250\145\271\150\110\166\204\213\272\213\301\116\016\220\011\142\351}{subsection.1.2}% 6
\BOOKMARK [1][-]{section.2}{\376\377\174\373\176\337\164\006\213\272\122\006\147\220\116\016\213\241\173\227}{}% 7
\BOOKMARK [2][-]{subsection.2.1}{\376\377\150\070\137\303\164\006\213\272\000/\152\041\127\213\122\006\147\220}{section.2}% 8
\BOOKMARK [2][-]{subsection.2.2}{\376\377\121\163\225\056\173\227\154\325\122\006\147\220}{section.2}% 9
\BOOKMARK [3][-]{subsubsection.2.2.1}{\376\377\160\160\136\246\117\040\141\037\126\150\145\160\143\156\131\004\164\006\173\227\154\325}{subsection.2.2}% 10
\BOOKMARK [3][-]{subsubsection.2.2.2}{\376\377\000P\000I\000D\143\247\122\066\173\227\154\325}{subsection.2.2}% 11
\BOOKMARK [3][-]{subsubsection.2.2.3}{\376\377\226\100\207\272\116\352\145\160\143\156\207\215\124\010\173\227\154\325}{subsection.2.2}% 12
\BOOKMARK [2][-]{subsection.2.3}{\376\377\166\370\121\163\123\302\145\160\213\241\173\227}{section.2}% 13
\BOOKMARK [3][-]{subsubsection.2.3.1}{\376\377\127\072\127\060\123\302\145\160\122\006\147\220}{subsection.2.3}% 14
\BOOKMARK [3][-]{subsubsection.2.3.2}{\376\377\217\320\122\250\123\302\145\160\213\241\173\227}{subsection.2.3}% 15
\BOOKMARK [1][-]{section.3}{\376\377\165\065\215\357\116\016\172\013\136\217\213\276\213\241}{}% 16
\BOOKMARK [2][-]{subsection.3.1}{\376\377\165\065\215\357\213\276\213\241}{section.3}% 17
\BOOKMARK [3][-]{subsubsection.3.1.1}{\376\377\116\073\143\247\165\065\215\357}{subsection.3.1}% 18
\BOOKMARK [3][-]{subsubsection.3.1.2}{\376\377\117\040\141\037\126\150\143\245\123\343\165\065\215\357}{subsection.3.1}% 19
\BOOKMARK [3][-]{subsubsection.3.1.3}{\376\377\165\065\147\072\232\161\122\250\165\065\215\357}{subsection.3.1}% 20
\BOOKMARK [2][-]{subsection.3.2}{\376\377\172\013\136\217\213\276\213\241}{section.3}% 21
\BOOKMARK [3][-]{subsubsection.3.2.1}{\376\377\116\073\172\013\136\217\213\276\213\241\140\035\215\357}{subsection.3.2}% 22
\BOOKMARK [3][-]{subsubsection.3.2.2}{\376\377\172\013\136\217\155\101\172\013\126\376}{subsection.3.2}% 23
\BOOKMARK [3][-]{subsubsection.3.2.3}{\376\377\150\070\137\303\116\343\170\001\162\107\153\265}{subsection.3.2}% 24
\BOOKMARK [1][-]{section.4}{\376\377\214\003\213\325\176\317\232\214\116\016\225\356\230\230\211\343\121\263}{}% 25
\BOOKMARK [2][-]{subsection.4.1}{\376\377\136\070\211\301\225\356\230\230\123\312\211\343\121\263\145\271\150\110}{section.4}% 26
\BOOKMARK [3][-]{subsubsection.4.1.1}{\376\377\117\040\141\037\126\150\214\003\213\325\225\356\230\230}{subsection.4.1}% 27
\BOOKMARK [3][-]{subsubsection.4.1.2}{\376\377\143\247\122\066\173\227\154\325\214\003\213\325}{subsection.4.1}% 28
\BOOKMARK [2][-]{subsection.4.2}{\376\377\140\047\200\375\117\030\123\026\176\317\232\214}{section.4}% 29
\BOOKMARK [3][-]{subsubsection.4.2.1}{\376\377\220\037\136\246\116\016\174\276\136\246\136\163\210\141}{subsection.4.2}% 30
\BOOKMARK [3][-]{subsubsection.4.2.2}{\376\377\142\227\136\162\142\160\143\252\145\275}{subsection.4.2}% 31
\BOOKMARK [1][-]{section.5}{\376\377\230\171\166\356\140\073\176\323\116\016\134\125\147\033}{}% 32
\BOOKMARK [2][-]{subsection.5.1}{\376\377\230\171\166\356\142\020\147\234}{section.5}% 33
\BOOKMARK [2][-]{subsection.5.2}{\376\377\142\200\147\057\145\066\203\267}{section.5}% 34
\BOOKMARK [2][-]{subsection.5.3}{\376\377\145\071\217\333\145\271\124\021}{section.5}% 35
\BOOKMARK [2][-]{subsection.5.4}{\376\377\136\224\165\050\122\115\146\157}{section.5}% 36
\BOOKMARK [2][-]{subsection.5.5}{\376\377\155\113\213\325\145\271\150\110}{section.5}% 37
\BOOKMARK [2][-]{subsection.5.6}{\376\377\155\113\213\325\176\323\147\234\116\016\145\160\143\156}{section.5}% 38
\BOOKMARK [2][-]{subsection.5.7}{\376\377\213\357\135\356\000/\140\047\200\375\122\006\147\220}{section.5}% 39
\BOOKMARK [1][-]{section.6}{\376\377\174\373\176\337\122\033\145\260\160\271\116\016\117\030\123\026}{}% 40
\BOOKMARK [2][-]{subsection.6.1}{\376\377\142\200\147\057\122\033\145\260\160\271}{section.6}% 41
\BOOKMARK [2][-]{subsection.6.2}{\376\377\140\047\200\375\117\030\123\026\173\126\165\145}{section.6}% 42
\BOOKMARK [1][-]{section.7}{\376\377\213\346\176\306\155\113\213\325\122\006\147\220}{}% 43
\BOOKMARK [2][-]{subsection.7.1}{\376\377\155\113\213\325\163\257\130\203\150\007\121\306\123\026}{section.7}% 44
\BOOKMARK [2][-]{subsection.7.2}{\376\377\140\047\200\375\143\007\150\007\213\346\176\306\122\006\147\220}{section.7}% 45
\BOOKMARK [3][-]{subsubsection.7.2.1}{\376\377\220\037\136\246\140\047\200\375\122\006\147\220}{subsection.7.2}% 46
\BOOKMARK [3][-]{subsubsection.7.2.2}{\376\377\174\276\136\246\140\047\200\375\122\006\147\220}{subsection.7.2}% 47
\BOOKMARK [2][-]{subsection.7.3}{\376\377\172\063\133\232\140\047\155\113\213\325}{section.7}% 48
\BOOKMARK [1][-]{appendix.A}{\376\377\116\073\211\201\121\103\126\150\116\366\156\005\123\125}{}% 49
\BOOKMARK [1][-]{appendix.B}{\376\377\172\013\136\217\116\343\170\001\176\323\147\204}{}% 50
\BOOKMARK [1][-]{appendix.C}{\376\377\155\113\213\325\211\306\230\221\213\364\146\016}{}% 51
