\BOOKMARK [1][-]{section.1}{\376\377\174\373\176\337\145\271\150\110\213\276\213\241}{}% 1
\BOOKMARK [2][-]{subsection.1.1}{\376\377\174\373\176\337\145\271\150\110\143\317\217\360}{section.1}% 2
\BOOKMARK [2][-]{subsection.1.2}{\376\377\145\271\150\110\213\272\213\301\116\016\220\011\142\351}{section.1}% 3
\BOOKMARK [3][-]{subsubsection.1.2.1}{\376\377\116\073\143\247\122\066\126\150\116\366\166\204\213\272\213\301\116\016\220\011\142\351}{subsection.1.2}% 4
\BOOKMARK [3][-]{subsubsection.1.2.2}{\376\377\217\146\225\364\220\032\117\341\116\016\215\335\171\273\143\247\122\066\145\271\150\110}{subsection.1.2}% 5
\BOOKMARK [1][-]{section.2}{\376\377\174\373\176\337\164\006\213\272\122\006\147\220\116\016\213\241\173\227}{}% 6
\BOOKMARK [2][-]{subsection.2.1}{\376\377\150\070\137\303\164\006\213\272\000/\152\041\127\213\122\006\147\220}{section.2}% 7
\BOOKMARK [3][-]{subsubsection.2.1.1}{\376\377\135\356\220\037\232\161\122\250\217\320\122\250\133\146\152\041\127\213}{subsection.2.1}% 8
\BOOKMARK [3][-]{subsubsection.2.1.2}{\376\377\123\314\217\146\123\117\124\014\143\247\122\066\152\041\127\213}{subsection.2.1}% 9
\BOOKMARK [2][-]{subsection.2.2}{\376\377\121\163\225\056\173\227\154\325\122\006\147\220}{section.2}% 10
\BOOKMARK [3][-]{subsubsection.2.2.1}{\376\377\137\252\217\371\000P\000I\000D\143\247\122\066\173\227\154\325}{subsection.2.2}% 11
\BOOKMARK [3][-]{subsubsection.2.2.2}{\376\377\220\037\136\246\000P\000I\000D\143\247\122\066\173\227\154\325}{subsection.2.2}% 12
\BOOKMARK [3][-]{subsubsection.2.2.3}{\376\377\215\205\217\146\116\016\215\357\137\204\122\007\143\142\220\073\217\221}{subsection.2.2}% 13
\BOOKMARK [1][-]{section.3}{\376\377\165\065\215\357\116\016\172\013\136\217\213\276\213\241}{}% 14
\BOOKMARK [2][-]{subsection.3.1}{\376\377\165\065\215\357\213\276\213\241}{section.3}% 15
\BOOKMARK [3][-]{subsubsection.3.1.1}{\376\377\127\372\116\216\000M\000S\000P\000M\0000\000G\0003\0005\0000\0007\166\204\170\154\116\366\147\266\147\204}{subsection.3.1}% 16
\BOOKMARK [3][-]{subsubsection.3.1.2}{\376\377\230\206\131\064\134\017\217\146\165\065\215\357\213\276\213\241}{subsection.3.1}% 17
\BOOKMARK [3][-]{subsubsection.3.1.3}{\376\377\215\337\226\217\134\017\217\146\165\065\215\357\213\276\213\241}{subsection.3.1}% 18
\BOOKMARK [2][-]{subsection.3.2}{\376\377\172\013\136\217\213\276\213\241}{section.3}% 19
\BOOKMARK [3][-]{subsubsection.3.2.1}{\376\377\116\073\172\013\136\217\213\276\213\241\140\035\215\357}{subsection.3.2}% 20
\BOOKMARK [3][-]{subsubsection.3.2.2}{\376\377\150\070\137\303\116\343\170\001\162\107\153\265}{subsection.3.2}% 21
\BOOKMARK [1][-]{section.4}{\376\377\214\003\213\325\176\317\232\214\116\016\225\356\230\230\211\343\121\263}{}% 22
\BOOKMARK [2][-]{subsection.4.1}{\376\377\136\070\211\301\225\356\230\230\123\312\211\343\121\263\145\271\150\110}{section.4}% 23
\BOOKMARK [2][-]{subsection.4.2}{\376\377\140\047\200\375\117\030\123\026\176\317\232\214}{section.4}% 24
\BOOKMARK [3][-]{subsubsection.4.2.1}{\376\377\220\037\136\246\116\016\172\063\133\232\140\047\166\204\136\163\210\141}{subsection.4.2}% 25
\BOOKMARK [3][-]{subsubsection.4.2.2}{\376\377\230\206\131\064\217\146\000`\000`\173\111\120\134\143\007\171\072\000'\000'\166\204\174\276\170\156\120\134\217\146}{subsection.4.2}% 26
\BOOKMARK [1][-]{section.5}{\376\377\155\113\213\325\145\271\150\110\116\016\145\160\143\156\122\006\147\220}{}% 27
\BOOKMARK [2][-]{subsection.5.1}{\376\377\155\113\213\325\163\257\130\203}{section.5}% 28
\BOOKMARK [2][-]{subsection.5.2}{\376\377\155\113\213\325\145\271\154\325\116\016\176\323\147\234}{section.5}% 29
\BOOKMARK [2][-]{subsection.5.3}{\376\377\213\357\135\356\122\006\147\220}{section.5}% 30
\BOOKMARK [1][-]{section.6}{\376\377\140\073\176\323\116\016\134\125\147\033}{}% 31
\BOOKMARK [1][-]{appendix.A}{\376\377\116\073\211\201\121\103\126\150\116\366\156\005\123\125}{}% 32
\BOOKMARK [1][-]{appendix.B}{\376\377\172\013\136\217\116\343\170\001\176\323\147\204}{}% 33
